{"/home/lesnyak/lab1-git/database.js": {"path":"/home/lesnyak/lab1-git/database.js","statementMap":{"0":{"start":{"line":1,"column":17},"end":{"line":1,"column":42}},"1":{"start":{"line":2,"column":15},"end":{"line":2,"column":34}},"2":{"start":{"line":3,"column":13},"end":{"line":3,"column":28}},"3":{"start":{"line":5,"column":16},"end":{"line":5,"column":58}},"4":{"start":{"line":9,"column":2},"end":{"line":9,"column":null}},"5":{"start":{"line":10,"column":2},"end":{"line":10,"column":null}},"6":{"start":{"line":11,"column":2},"end":{"line":11,"column":null}},"7":{"start":{"line":13,"column":2},"end":{"line":26,"column":null}},"8":{"start":{"line":28,"column":2},"end":{"line":37,"column":null}},"9":{"start":{"line":39,"column":2},"end":{"line":57,"column":null}},"10":{"start":{"line":59,"column":2},"end":{"line":80,"column":null}},"11":{"start":{"line":82,"column":2},"end":{"line":103,"column":null}},"12":{"start":{"line":105,"column":2},"end":{"line":118,"column":null}},"13":{"start":{"line":120,"column":2},"end":{"line":126,"column":null}},"14":{"start":{"line":128,"column":2},"end":{"line":140,"column":null}},"15":{"start":{"line":143,"column":24},"end":{"line":145,"column":3}},"16":{"start":{"line":146,"column":2},"end":{"line":151,"column":null}},"17":{"start":{"line":147,"column":17},"end":{"line":147,"column":82}},"18":{"start":{"line":148,"column":4},"end":{"line":149,"column":null}},"19":{"start":{"line":150,"column":4},"end":{"line":150,"column":null}},"20":{"start":{"line":154,"column":26},"end":{"line":170,"column":3}},"21":{"start":{"line":171,"column":24},"end":{"line":171,"column":95}},"22":{"start":{"line":172,"column":2},"end":{"line":174,"column":null}},"23":{"start":{"line":173,"column":4},"end":{"line":173,"column":null}},"24":{"start":{"line":177,"column":19},"end":{"line":177,"column":84}},"25":{"start":{"line":178,"column":2},"end":{"line":215,"column":null}},"26":{"start":{"line":179,"column":23},"end":{"line":208,"column":5}},"27":{"start":{"line":209,"column":22},"end":{"line":209,"column":111}},"28":{"start":{"line":210,"column":23},"end":{"line":212,"column":6}},"29":{"start":{"line":211,"column":6},"end":{"line":211,"column":null}},"30":{"start":{"line":211,"column":28},"end":{"line":211,"column":null}},"31":{"start":{"line":213,"column":4},"end":{"line":213,"column":null}},"32":{"start":{"line":214,"column":4},"end":{"line":214,"column":null}},"33":{"start":{"line":217,"column":2},"end":{"line":217,"column":null}},"34":{"start":{"line":218,"column":2},"end":{"line":218,"column":null}},"35":{"start":{"line":222,"column":2},"end":{"line":222,"column":null}},"36":{"start":{"line":222,"column":11},"end":{"line":222,"column":null}},"37":{"start":{"line":223,"column":2},"end":{"line":223,"column":null}},"38":{"start":{"line":226,"column":0},"end":{"line":226,"column":null}}},"fnMap":{"0":{"name":"initialize","decl":{"start":{"line":8,"column":9},"end":{"line":8,"column":19}},"loc":{"start":{"line":8,"column":22},"end":{"line":219,"column":null}},"line":8},"1":{"name":"(anonymous_1)","decl":{"start":{"line":210,"column":38},"end":{"line":210,"column":39}},"loc":{"start":{"line":210,"column":48},"end":{"line":212,"column":5}},"line":210},"2":{"name":"getDb","decl":{"start":{"line":221,"column":9},"end":{"line":221,"column":14}},"loc":{"start":{"line":221,"column":17},"end":{"line":224,"column":null}},"line":221}},"branchMap":{"0":{"loc":{"start":{"line":144,"column":4},"end":{"line":144,"column":null}},"type":"binary-expr","locations":[{"start":{"line":144,"column":4},"end":{"line":144,"column":35}},{"start":{"line":144,"column":39},"end":{"line":144,"column":null}}],"line":144},"1":{"loc":{"start":{"line":146,"column":2},"end":{"line":151,"column":null}},"type":"if","locations":[{"start":{"line":146,"column":2},"end":{"line":151,"column":null}},{"start":{},"end":{}}],"line":146},"2":{"loc":{"start":{"line":147,"column":33},"end":{"line":147,"column":77}},"type":"binary-expr","locations":[{"start":{"line":147,"column":33},"end":{"line":147,"column":67}},{"start":{"line":147,"column":71},"end":{"line":147,"column":77}}],"line":147},"3":{"loc":{"start":{"line":149,"column":31},"end":{"line":149,"column":82}},"type":"binary-expr","locations":[{"start":{"line":149,"column":31},"end":{"line":149,"column":62}},{"start":{"line":149,"column":66},"end":{"line":149,"column":82}}],"line":149},"4":{"loc":{"start":{"line":178,"column":2},"end":{"line":215,"column":null}},"type":"if","locations":[{"start":{"line":178,"column":2},"end":{"line":215,"column":null}},{"start":{},"end":{}}],"line":178},"5":{"loc":{"start":{"line":222,"column":2},"end":{"line":222,"column":null}},"type":"if","locations":[{"start":{"line":222,"column":2},"end":{"line":222,"column":null}},{"start":{},"end":{}}],"line":222}},"s":{"0":1,"1":1,"2":1,"3":1,"4":1,"5":1,"6":1,"7":1,"8":1,"9":1,"10":1,"11":1,"12":1,"13":1,"14":1,"15":1,"16":1,"17":0,"18":0,"19":0,"20":1,"21":1,"22":1,"23":15,"24":1,"25":1,"26":0,"27":0,"28":0,"29":0,"30":0,"31":0,"32":0,"33":1,"34":1,"35":9,"36":1,"37":9,"38":1},"f":{"0":1,"1":0,"2":9},"b":{"0":[1,1],"1":[0,1],"2":[0,0],"3":[0,0],"4":[0,1],"5":[1,8]},"meta":{"lastBranch":6,"lastFunction":3,"lastStatement":39,"seen":{"s:1:17:1:42":0,"s:2:15:2:34":1,"s:3:13:3:28":2,"s:5:16:5:58":3,"f:8:9:8:19":0,"s:9:2:9:Infinity":4,"s:10:2:10:Infinity":5,"s:11:2:11:Infinity":6,"s:13:2:26:Infinity":7,"s:28:2:37:Infinity":8,"s:39:2:57:Infinity":9,"s:59:2:80:Infinity":10,"s:82:2:103:Infinity":11,"s:105:2:118:Infinity":12,"s:120:2:126:Infinity":13,"s:128:2:140:Infinity":14,"s:143:24:145:3":15,"b:144:4:144:35:144:39:144:Infinity":0,"b:146:2:151:Infinity:undefined:undefined:undefined:undefined":1,"s:146:2:151:Infinity":16,"s:147:17:147:82":17,"b:147:33:147:67:147:71:147:77":2,"s:148:4:149:Infinity":18,"b:149:31:149:62:149:66:149:82":3,"s:150:4:150:Infinity":19,"s:154:26:170:3":20,"s:171:24:171:95":21,"s:172:2:174:Infinity":22,"s:173:4:173:Infinity":23,"s:177:19:177:84":24,"b:178:2:215:Infinity:undefined:undefined:undefined:undefined":4,"s:178:2:215:Infinity":25,"s:179:23:208:5":26,"s:209:22:209:111":27,"s:210:23:212:6":28,"f:210:38:210:39":1,"s:211:6:211:Infinity":29,"s:211:28:211:Infinity":30,"s:213:4:213:Infinity":31,"s:214:4:214:Infinity":32,"s:217:2:217:Infinity":33,"s:218:2:218:Infinity":34,"f:221:9:221:14":2,"b:222:2:222:Infinity:undefined:undefined:undefined:undefined":5,"s:222:2:222:Infinity":35,"s:222:11:222:Infinity":36,"s:223:2:223:Infinity":37,"s:226:0:226:Infinity":38}}}
,"/home/lesnyak/lab1-git/middleware/auth.js": {"path":"/home/lesnyak/lab1-git/middleware/auth.js","statementMap":{"0":{"start":{"line":1,"column":12},"end":{"line":1,"column":35}},"1":{"start":{"line":2,"column":18},"end":{"line":2,"column":40}},"2":{"start":{"line":6,"column":4},"end":{"line":7,"column":53}},"3":{"start":{"line":9,"column":2},"end":{"line":11,"column":null}},"4":{"start":{"line":10,"column":4},"end":{"line":10,"column":null}},"5":{"start":{"line":13,"column":2},"end":{"line":26,"column":null}},"6":{"start":{"line":14,"column":20},"end":{"line":14,"column":61}},"7":{"start":{"line":15,"column":15},"end":{"line":15,"column":22}},"8":{"start":{"line":16,"column":17},"end":{"line":16,"column":114}},"9":{"start":{"line":18,"column":4},"end":{"line":20,"column":null}},"10":{"start":{"line":19,"column":6},"end":{"line":19,"column":null}},"11":{"start":{"line":22,"column":4},"end":{"line":22,"column":null}},"12":{"start":{"line":23,"column":4},"end":{"line":23,"column":null}},"13":{"start":{"line":25,"column":4},"end":{"line":25,"column":null}},"14":{"start":{"line":30,"column":2},"end":{"line":32,"column":null}},"15":{"start":{"line":31,"column":4},"end":{"line":31,"column":null}},"16":{"start":{"line":33,"column":2},"end":{"line":33,"column":null}},"17":{"start":{"line":37,"column":2},"end":{"line":45,"column":null}},"18":{"start":{"line":38,"column":15},"end":{"line":38,"column":22}},"19":{"start":{"line":39,"column":4},"end":{"line":42,"column":null}},"20":{"start":{"line":48,"column":0},"end":{"line":48,"column":null}}},"fnMap":{"0":{"name":"authenticate","decl":{"start":{"line":4,"column":9},"end":{"line":4,"column":21}},"loc":{"start":{"line":4,"column":38},"end":{"line":27,"column":null}},"line":4},"1":{"name":"ownerOnly","decl":{"start":{"line":29,"column":9},"end":{"line":29,"column":18}},"loc":{"start":{"line":29,"column":35},"end":{"line":34,"column":null}},"line":29},"2":{"name":"logActivity","decl":{"start":{"line":36,"column":9},"end":{"line":36,"column":20}},"loc":{"start":{"line":36,"column":72},"end":{"line":46,"column":null}},"line":36}},"branchMap":{"0":{"loc":{"start":{"line":6,"column":4},"end":{"line":7,"column":53}},"type":"binary-expr","locations":[{"start":{"line":6,"column":4},"end":{"line":6,"column":28}},{"start":{"line":7,"column":4},"end":{"line":7,"column":53}}],"line":6},"1":{"loc":{"start":{"line":9,"column":2},"end":{"line":11,"column":null}},"type":"if","locations":[{"start":{"line":9,"column":2},"end":{"line":11,"column":null}},{"start":{},"end":{}}],"line":9},"2":{"loc":{"start":{"line":18,"column":4},"end":{"line":20,"column":null}},"type":"if","locations":[{"start":{"line":18,"column":4},"end":{"line":20,"column":null}},{"start":{},"end":{}}],"line":18},"3":{"loc":{"start":{"line":18,"column":8},"end":{"line":18,"column":32}},"type":"binary-expr","locations":[{"start":{"line":18,"column":8},"end":{"line":18,"column":13}},{"start":{"line":18,"column":17},"end":{"line":18,"column":32}}],"line":18},"4":{"loc":{"start":{"line":30,"column":2},"end":{"line":32,"column":null}},"type":"if","locations":[{"start":{"line":30,"column":2},"end":{"line":32,"column":null}},{"start":{},"end":{}}],"line":30},"5":{"loc":{"start":{"line":42,"column":27},"end":{"line":42,"column":45}},"type":"binary-expr","locations":[{"start":{"line":42,"column":27},"end":{"line":42,"column":37}},{"start":{"line":42,"column":41},"end":{"line":42,"column":45}}],"line":42},"6":{"loc":{"start":{"line":42,"column":47},"end":{"line":42,"column":63}},"type":"binary-expr","locations":[{"start":{"line":42,"column":47},"end":{"line":42,"column":55}},{"start":{"line":42,"column":59},"end":{"line":42,"column":63}}],"line":42},"7":{"loc":{"start":{"line":42,"column":65},"end":{"line":42,"column":80}},"type":"binary-expr","locations":[{"start":{"line":42,"column":65},"end":{"line":42,"column":72}},{"start":{"line":42,"column":76},"end":{"line":42,"column":80}}],"line":42},"8":{"loc":{"start":{"line":42,"column":82},"end":{"line":42,"column":92}},"type":"binary-expr","locations":[{"start":{"line":42,"column":82},"end":{"line":42,"column":84}},{"start":{"line":42,"column":88},"end":{"line":42,"column":92}}],"line":42}},"s":{"0":1,"1":1,"2":0,"3":0,"4":0,"5":0,"6":0,"7":0,"8":0,"9":0,"10":0,"11":0,"12":0,"13":0,"14":0,"15":0,"16":0,"17":3,"18":3,"19":3,"20":1},"f":{"0":0,"1":0,"2":3},"b":{"0":[0,0],"1":[0,0],"2":[0,0],"3":[0,0],"4":[0,0],"5":[3,0],"6":[3,0],"7":[3,1],"8":[0,0]},"meta":{"lastBranch":9,"lastFunction":3,"lastStatement":21,"seen":{"s:1:12:1:35":0,"s:2:18:2:40":1,"f:4:9:4:21":0,"s:6:4:7:53":2,"b:6:4:6:28:7:4:7:53":0,"b:9:2:11:Infinity:undefined:undefined:undefined:undefined":1,"s:9:2:11:Infinity":3,"s:10:4:10:Infinity":4,"s:13:2:26:Infinity":5,"s:14:20:14:61":6,"s:15:15:15:22":7,"s:16:17:16:114":8,"b:18:4:20:Infinity:undefined:undefined:undefined:undefined":2,"s:18:4:20:Infinity":9,"b:18:8:18:13:18:17:18:32":3,"s:19:6:19:Infinity":10,"s:22:4:22:Infinity":11,"s:23:4:23:Infinity":12,"s:25:4:25:Infinity":13,"f:29:9:29:18":1,"b:30:2:32:Infinity:undefined:undefined:undefined:undefined":4,"s:30:2:32:Infinity":14,"s:31:4:31:Infinity":15,"s:33:2:33:Infinity":16,"f:36:9:36:20":2,"s:37:2:45:Infinity":17,"s:38:15:38:22":18,"s:39:4:42:Infinity":19,"b:42:27:42:37:42:41:42:45":5,"b:42:47:42:55:42:59:42:63":6,"b:42:65:42:72:42:76:42:80":7,"b:42:82:42:84:42:88:42:92":8,"s:48:0:48:Infinity":20}}}
,"/home/lesnyak/lab1-git/routes/orders.js": {"path":"/home/lesnyak/lab1-git/routes/orders.js","statementMap":{"0":{"start":{"line":1,"column":16},"end":{"line":1,"column":34}},"1":{"start":{"line":2,"column":18},"end":{"line":2,"column":40}},"2":{"start":{"line":3,"column":38},"end":{"line":3,"column":67}},"3":{"start":{"line":4,"column":15},"end":{"line":4,"column":31}},"4":{"start":{"line":6,"column":0},"end":{"line":14,"column":null}},"5":{"start":{"line":7,"column":125},"end":{"line":7,"column":133}},"6":{"start":{"line":8,"column":2},"end":{"line":8,"column":null}},"7":{"start":{"line":8,"column":52},"end":{"line":8,"column":null}},"8":{"start":{"line":9,"column":13},"end":{"line":9,"column":20}},"9":{"start":{"line":10,"column":22},"end":{"line":10,"column":62}},"10":{"start":{"line":11,"column":17},"end":{"line":11,"column":378}},"11":{"start":{"line":12,"column":2},"end":{"line":12,"column":null}},"12":{"start":{"line":13,"column":2},"end":{"line":13,"column":null}},"13":{"start":{"line":16,"column":0},"end":{"line":31,"column":null}},"14":{"start":{"line":17,"column":13},"end":{"line":17,"column":20}},"15":{"start":{"line":18,"column":59},"end":{"line":18,"column":68}},"16":{"start":{"line":19,"column":14},"end":{"line":19,"column":46}},"17":{"start":{"line":20,"column":17},"end":{"line":20,"column":19}},"18":{"start":{"line":21,"column":2},"end":{"line":21,"column":null}},"19":{"start":{"line":21,"column":34},"end":{"line":21,"column":57}},"20":{"start":{"line":21,"column":58},"end":{"line":21,"column":78}},"21":{"start":{"line":22,"column":2},"end":{"line":22,"column":null}},"22":{"start":{"line":22,"column":30},"end":{"line":22,"column":57}},"23":{"start":{"line":22,"column":58},"end":{"line":22,"column":76}},"24":{"start":{"line":23,"column":2},"end":{"line":23,"column":null}},"25":{"start":{"line":23,"column":14},"end":{"line":23,"column":47}},"26":{"start":{"line":23,"column":48},"end":{"line":23,"column":66}},"27":{"start":{"line":24,"column":2},"end":{"line":24,"column":null}},"28":{"start":{"line":24,"column":16},"end":{"line":24,"column":92}},"29":{"start":{"line":24,"column":93},"end":{"line":24,"column":151}},"30":{"start":{"line":25,"column":22},"end":{"line":25,"column":107}},"31":{"start":{"line":26,"column":2},"end":{"line":26,"column":null}},"32":{"start":{"line":27,"column":2},"end":{"line":27,"column":null}},"33":{"start":{"line":28,"column":17},"end":{"line":28,"column":49}},"34":{"start":{"line":29,"column":2},"end":{"line":29,"column":null}},"35":{"start":{"line":29,"column":24},"end":{"line":29,"column":89}},"36":{"start":{"line":29,"column":30},"end":{"line":29,"column":63}},"37":{"start":{"line":29,"column":76},"end":{"line":29,"column":87}},"38":{"start":{"line":30,"column":2},"end":{"line":30,"column":null}},"39":{"start":{"line":33,"column":0},"end":{"line":39,"column":null}},"40":{"start":{"line":34,"column":13},"end":{"line":34,"column":20}},"41":{"start":{"line":35,"column":16},"end":{"line":35,"column":80}},"42":{"start":{"line":36,"column":2},"end":{"line":36,"column":null}},"43":{"start":{"line":36,"column":14},"end":{"line":36,"column":null}},"44":{"start":{"line":37,"column":2},"end":{"line":37,"column":null}},"45":{"start":{"line":37,"column":8},"end":{"line":37,"column":49}},"46":{"start":{"line":37,"column":62},"end":{"line":37,"column":77}},"47":{"start":{"line":38,"column":2},"end":{"line":38,"column":null}},"48":{"start":{"line":41,"column":0},"end":{"line":47,"column":null}},"49":{"start":{"line":42,"column":66},"end":{"line":42,"column":74}},"50":{"start":{"line":43,"column":13},"end":{"line":43,"column":20}},"51":{"start":{"line":44,"column":2},"end":{"line":44,"column":null}},"52":{"start":{"line":45,"column":2},"end":{"line":45,"column":null}},"53":{"start":{"line":46,"column":2},"end":{"line":46,"column":null}},"54":{"start":{"line":49,"column":0},"end":{"line":54,"column":null}},"55":{"start":{"line":50,"column":13},"end":{"line":50,"column":20}},"56":{"start":{"line":51,"column":2},"end":{"line":51,"column":null}},"57":{"start":{"line":52,"column":2},"end":{"line":52,"column":null}},"58":{"start":{"line":53,"column":2},"end":{"line":53,"column":null}},"59":{"start":{"line":56,"column":0},"end":{"line":56,"column":null}}},"fnMap":{"0":{"name":"(anonymous_0)","decl":{"start":{"line":6,"column":31},"end":{"line":6,"column":32}},"loc":{"start":{"line":6,"column":45},"end":{"line":14,"column":1}},"line":6},"1":{"name":"(anonymous_1)","decl":{"start":{"line":16,"column":30},"end":{"line":16,"column":31}},"loc":{"start":{"line":16,"column":44},"end":{"line":31,"column":1}},"line":16},"2":{"name":"(anonymous_2)","decl":{"start":{"line":29,"column":17},"end":{"line":29,"column":18}},"loc":{"start":{"line":29,"column":22},"end":{"line":29,"column":91}},"line":29},"3":{"name":"(anonymous_3)","decl":{"start":{"line":33,"column":33},"end":{"line":33,"column":34}},"loc":{"start":{"line":33,"column":47},"end":{"line":39,"column":1}},"line":33},"4":{"name":"(anonymous_4)","decl":{"start":{"line":41,"column":33},"end":{"line":41,"column":34}},"loc":{"start":{"line":41,"column":47},"end":{"line":47,"column":1}},"line":41},"5":{"name":"(anonymous_5)","decl":{"start":{"line":49,"column":36},"end":{"line":49,"column":37}},"loc":{"start":{"line":49,"column":50},"end":{"line":54,"column":1}},"line":49}},"branchMap":{"0":{"loc":{"start":{"line":8,"column":2},"end":{"line":8,"column":null}},"type":"if","locations":[{"start":{"line":8,"column":2},"end":{"line":8,"column":null}},{"start":{},"end":{}}],"line":8},"1":{"loc":{"start":{"line":8,"column":6},"end":{"line":8,"column":50}},"type":"binary-expr","locations":[{"start":{"line":8,"column":6},"end":{"line":8,"column":20}},{"start":{"line":8,"column":24},"end":{"line":8,"column":30}},{"start":{"line":8,"column":34},"end":{"line":8,"column":40}},{"start":{"line":8,"column":44},"end":{"line":8,"column":50}}],"line":8},"2":{"loc":{"start":{"line":11,"column":240},"end":{"line":11,"column":253}},"type":"binary-expr","locations":[{"start":{"line":11,"column":240},"end":{"line":11,"column":247}},{"start":{"line":11,"column":249},"end":{"line":11,"column":253}}],"line":11},"3":{"loc":{"start":{"line":11,"column":254},"end":{"line":11,"column":275}},"type":"binary-expr","locations":[{"start":{"line":11,"column":254},"end":{"line":11,"column":264}},{"start":{"line":11,"column":266},"end":{"line":11,"column":275}}],"line":11},"4":{"loc":{"start":{"line":11,"column":298},"end":{"line":11,"column":313}},"type":"binary-expr","locations":[{"start":{"line":11,"column":298},"end":{"line":11,"column":306}},{"start":{"line":11,"column":308},"end":{"line":11,"column":313}}],"line":11},"5":{"loc":{"start":{"line":11,"column":314},"end":{"line":11,"column":320}},"type":"binary-expr","locations":[{"start":{"line":11,"column":314},"end":{"line":11,"column":317}},{"start":{"line":11,"column":319},"end":{"line":11,"column":320}}],"line":11},"6":{"loc":{"start":{"line":11,"column":321},"end":{"line":11,"column":336}},"type":"binary-expr","locations":[{"start":{"line":11,"column":321},"end":{"line":11,"column":333}},{"start":{"line":11,"column":335},"end":{"line":11,"column":336}}],"line":11},"7":{"loc":{"start":{"line":11,"column":337},"end":{"line":11,"column":348}},"type":"binary-expr","locations":[{"start":{"line":11,"column":337},"end":{"line":11,"column":345}},{"start":{"line":11,"column":347},"end":{"line":11,"column":348}}],"line":11},"8":{"loc":{"start":{"line":11,"column":355},"end":{"line":11,"column":377}},"type":"binary-expr","locations":[{"start":{"line":11,"column":355},"end":{"line":11,"column":369}},{"start":{"line":11,"column":371},"end":{"line":11,"column":377}}],"line":11},"9":{"loc":{"start":{"line":18,"column":30},"end":{"line":18,"column":36}},"type":"default-arg","locations":[{"start":{"line":18,"column":35},"end":{"line":18,"column":36}}],"line":18},"10":{"loc":{"start":{"line":18,"column":38},"end":{"line":18,"column":46}},"type":"default-arg","locations":[{"start":{"line":18,"column":44},"end":{"line":18,"column":46}}],"line":18},"11":{"loc":{"start":{"line":21,"column":2},"end":{"line":21,"column":null}},"type":"if","locations":[{"start":{"line":21,"column":2},"end":{"line":21,"column":null}},{"start":{},"end":{}}],"line":21},"12":{"loc":{"start":{"line":21,"column":6},"end":{"line":21,"column":30}},"type":"binary-expr","locations":[{"start":{"line":21,"column":6},"end":{"line":21,"column":12}},{"start":{"line":21,"column":16},"end":{"line":21,"column":30}}],"line":21},"13":{"loc":{"start":{"line":22,"column":2},"end":{"line":22,"column":null}},"type":"if","locations":[{"start":{"line":22,"column":2},"end":{"line":22,"column":null}},{"start":{},"end":{}}],"line":22},"14":{"loc":{"start":{"line":22,"column":6},"end":{"line":22,"column":26}},"type":"binary-expr","locations":[{"start":{"line":22,"column":6},"end":{"line":22,"column":10}},{"start":{"line":22,"column":14},"end":{"line":22,"column":26}}],"line":22},"15":{"loc":{"start":{"line":23,"column":2},"end":{"line":23,"column":null}},"type":"if","locations":[{"start":{"line":23,"column":2},"end":{"line":23,"column":null}},{"start":{},"end":{}}],"line":23},"16":{"loc":{"start":{"line":24,"column":2},"end":{"line":24,"column":null}},"type":"if","locations":[{"start":{"line":24,"column":2},"end":{"line":24,"column":null}},{"start":{},"end":{}}],"line":24},"17":{"loc":{"start":{"line":36,"column":2},"end":{"line":36,"column":null}},"type":"if","locations":[{"start":{"line":36,"column":2},"end":{"line":36,"column":null}},{"start":{},"end":{}}],"line":36},"18":{"loc":{"start":{"line":44,"column":222},"end":{"line":44,"column":234}},"type":"binary-expr","locations":[{"start":{"line":44,"column":222},"end":{"line":44,"column":228}},{"start":{"line":44,"column":230},"end":{"line":44,"column":234}}],"line":44},"19":{"loc":{"start":{"line":44,"column":235},"end":{"line":44,"column":255}},"type":"binary-expr","locations":[{"start":{"line":44,"column":235},"end":{"line":44,"column":249}},{"start":{"line":44,"column":251},"end":{"line":44,"column":255}}],"line":44},"20":{"loc":{"start":{"line":44,"column":256},"end":{"line":44,"column":276}},"type":"binary-expr","locations":[{"start":{"line":44,"column":256},"end":{"line":44,"column":270}},{"start":{"line":44,"column":272},"end":{"line":44,"column":276}}],"line":44},"21":{"loc":{"start":{"line":44,"column":277},"end":{"line":44,"column":294}},"type":"binary-expr","locations":[{"start":{"line":44,"column":277},"end":{"line":44,"column":288}},{"start":{"line":44,"column":290},"end":{"line":44,"column":294}}],"line":44}},"s":{"0":1,"1":1,"2":1,"3":1,"4":1,"5":2,"6":2,"7":1,"8":1,"9":1,"10":1,"11":2,"12":2,"13":1,"14":2,"15":2,"16":2,"17":2,"18":2,"19":0,"20":0,"21":2,"22":0,"23":0,"24":2,"25":0,"26":0,"27":2,"28":0,"29":0,"30":2,"31":2,"32":2,"33":2,"34":2,"35":20,"36":20,"37":2,"38":2,"39":1,"40":1,"41":1,"42":1,"43":1,"44":0,"45":0,"46":0,"47":0,"48":1,"49":1,"50":1,"51":1,"52":1,"53":1,"54":1,"55":1,"56":1,"57":1,"58":1,"59":1},"f":{"0":2,"1":2,"2":20,"3":1,"4":1,"5":1},"b":{"0":[1,1],"1":[2,2,1,1],"2":[1,1],"3":[2,1],"4":[2,1],"5":[2,1],"6":[2,1],"7":[2,1],"8":[2,1],"9":[2],"10":[2],"11":[0,2],"12":[2,0],"13":[0,2],"14":[2,0],"15":[0,2],"16":[0,2],"17":[1,0],"18":[1,0],"19":[1,1],"20":[1,1],"21":[1,1]},"meta":{"lastBranch":22,"lastFunction":6,"lastStatement":60,"seen":{"s:1:16:1:34":0,"s:2:18:2:40":1,"s:3:38:3:67":2,"s:4:15:4:31":3,"s:6:0:14:Infinity":4,"f:6:31:6:32":0,"s:7:125:7:133":5,"b:8:2:8:Infinity:undefined:undefined:undefined:undefined":0,"s:8:2:8:Infinity":6,"b:8:6:8:20:8:24:8:30:8:34:8:40:8:44:8:50":1,"s:8:52:8:Infinity":7,"s:9:13:9:20":8,"s:10:22:10:62":9,"s:11:17:11:378":10,"b:11:240:11:247:11:249:11:253":2,"b:11:254:11:264:11:266:11:275":3,"b:11:298:11:306:11:308:11:313":4,"b:11:314:11:317:11:319:11:320":5,"b:11:321:11:333:11:335:11:336":6,"b:11:337:11:345:11:347:11:348":7,"b:11:355:11:369:11:371:11:377":8,"s:12:2:12:Infinity":11,"s:13:2:13:Infinity":12,"s:16:0:31:Infinity":13,"f:16:30:16:31":1,"s:17:13:17:20":14,"s:18:59:18:68":15,"b:18:35:18:36":9,"b:18:44:18:46":10,"s:19:14:19:46":16,"s:20:17:20:19":17,"b:21:2:21:Infinity:undefined:undefined:undefined:undefined":11,"s:21:2:21:Infinity":18,"b:21:6:21:12:21:16:21:30":12,"s:21:34:21:57":19,"s:21:58:21:78":20,"b:22:2:22:Infinity:undefined:undefined:undefined:undefined":13,"s:22:2:22:Infinity":21,"b:22:6:22:10:22:14:22:26":14,"s:22:30:22:57":22,"s:22:58:22:76":23,"b:23:2:23:Infinity:undefined:undefined:undefined:undefined":15,"s:23:2:23:Infinity":24,"s:23:14:23:47":25,"s:23:48:23:66":26,"b:24:2:24:Infinity:undefined:undefined:undefined:undefined":16,"s:24:2:24:Infinity":27,"s:24:16:24:92":28,"s:24:93:24:151":29,"s:25:22:25:107":30,"s:26:2:26:Infinity":31,"s:27:2:27:Infinity":32,"s:28:17:28:49":33,"s:29:2:29:Infinity":34,"f:29:17:29:18":2,"s:29:24:29:89":35,"s:29:30:29:63":36,"s:29:76:29:87":37,"s:30:2:30:Infinity":38,"s:33:0:39:Infinity":39,"f:33:33:33:34":3,"s:34:13:34:20":40,"s:35:16:35:80":41,"b:36:2:36:Infinity:undefined:undefined:undefined:undefined":17,"s:36:2:36:Infinity":42,"s:36:14:36:Infinity":43,"s:37:2:37:Infinity":44,"s:37:8:37:49":45,"s:37:62:37:77":46,"s:38:2:38:Infinity":47,"s:41:0:47:Infinity":48,"f:41:33:41:34":4,"s:42:66:42:74":49,"s:43:13:43:20":50,"s:44:2:44:Infinity":51,"b:44:222:44:228:44:230:44:234":18,"b:44:235:44:249:44:251:44:255":19,"b:44:256:44:270:44:272:44:276":20,"b:44:277:44:288:44:290:44:294":21,"s:45:2:45:Infinity":52,"s:46:2:46:Infinity":53,"s:49:0:54:Infinity":54,"f:49:36:49:37":5,"s:50:13:50:20":55,"s:51:2:51:Infinity":56,"s:52:2:52:Infinity":57,"s:53:2:53:Infinity":58,"s:56:0:56:Infinity":59}}}
}
